Using pre-set license
Built from '2021.1/staging' branch; Version is '2021.1.6f1 (c0fade0cc7e9) revision 12647134'; Using compiler version '192528614'; Build Type 'Release'
OS: 'Windows 10 Pro; OS build 22000.978; Version 2009; 64bit' Language: 'ru' Physical Memory: 15716 MB
BatchMode: 1, IsHumanControllingUs: 0, StartBugReporterOnCrash: 0, Is64bit: 1, IsPro: 0

 COMMAND LINE ARGUMENTS:
C:\Program Files\Unity 2021.1.6f1\Editor\Unity.exe
-adb2
-batchMode
-noUpm
-name
AssetImportWorker0
-projectPath
C:/Users/IT-club - 01/Desktop/FlappyBird/My project (1)
-logFile
Logs/AssetImportWorker0.log
-srvPort
52237
Successfully changed project path to: C:/Users/IT-club - 01/Desktop/FlappyBird/My project (1)
C:/Users/IT-club - 01/Desktop/FlappyBird/My project (1)
Using Asset Import Pipeline V2.
Refreshing native plugins compatible for Editor in 64.07 ms, found 1 plugins.
Preloading 0 native plugins for Editor in 0.00 ms.
Initialize engine version: 2021.1.6f1 (c0fade0cc7e9)
[Subsystems] Discovering subsystems at path C:/Program Files/Unity 2021.1.6f1/Editor/Data/Resources/UnitySubsystems
[Subsystems] Discovering subsystems at path C:/Users/IT-club - 01/Desktop/FlappyBird/My project (1)/Assets
GfxDevice: creating device client; threaded=0; jobified=0
Direct3D:
    Version:  Direct3D 11.0 [level 11.1]
    Renderer: AMD Radeon RX 6600M (ID=0x73ff)
    Vendor:   ATI
    VRAM:     8147 MB
    Driver:   31.0.12019.9007
Initialize mono
Mono path[0] = 'C:/Program Files/Unity 2021.1.6f1/Editor/Data/Managed'
Mono path[1] = 'C:/Program Files/Unity 2021.1.6f1/Editor/Data/MonoBleedingEdge/lib/mono/unityjit'
Mono config path = 'C:/Program Files/Unity 2021.1.6f1/Editor/Data/MonoBleedingEdge/etc'
Using monoOptions --debugger-agent=transport=dt_socket,embedding=1,server=y,suspend=n,address=127.0.0.1:56984
Begin MonoManager ReloadAssembly
Registering precompiled unity dll's ...
Register platform support module: C:/Program Files/Unity 2021.1.6f1/Editor/Data/PlaybackEngines/WindowsStandaloneSupport/UnityEditor.WindowsStandalone.Extensions.dll
Registered in 0.000983 seconds.
Native extension for WindowsStandalone target not found
Refreshing native plugins compatible for Editor in 56.24 ms, found 1 plugins.
Preloading 0 native plugins for Editor in 0.00 ms.
Mono: successfully reloaded assembly
- Completed reload, in  0.812 seconds
Platform modules already initialized, skipping
Registering precompiled user dll's ...
Registered in 0.001927 seconds.
Begin MonoManager ReloadAssembly
Native extension for WindowsStandalone target not found
Refreshing native plugins compatible for Editor in 53.89 ms, found 1 plugins.
Preloading 0 native plugins for Editor in 0.00 ms.
Mono: successfully reloaded assembly
- Completed reload, in  0.706 seconds
Platform modules already initialized, skipping
========================================================================
Worker process is ready to serve import requests
Launched and connected shader compiler UnityShaderCompiler.exe after 0.03 seconds
Refreshing native plugins compatible for Editor in 0.90 ms, found 1 plugins.
Preloading 0 native plugins for Editor in 0.00 ms.
Unloading 2966 Unused Serialized files (Serialized files now loaded: 0)
System memory in use before: 108.7 MB.
System memory in use after: 108.9 MB.

Unloading 16 unused Assets to reduce memory usage. Loaded Objects now: 3420.
Total: 1.871100 ms (FindLiveObjects: 0.168600 ms CreateObjectMapping: 0.076200 ms MarkObjects: 1.577500 ms  DeleteObjects: 0.047600 ms)

========================================================================
Received Import Request.
  path: Assets/InputSchem.inputactions
  artifactKey: Guid(d628b90a19196914caed7c6cbbbcfd53) Importer(815301076,1909f56bfc062723c751e8b465ee728b)
Start importing Assets/InputSchem.inputactions using Guid(d628b90a19196914caed7c6cbbbcfd53) Importer(815301076,1909f56bfc062723c751e8b465ee728b)  -> (artifact id: '62c05a0a8cf9d2e9800561ed84e13f41') in 0.026910 seconds 
========================================================================
Received Import Request.
  Time since last request: 2737.172512 seconds.
  path: Assets/BirdMover.cs
  artifactKey: Guid(a3365c24f29bf9a40a0de21d4d75e064) Importer(815301076,1909f56bfc062723c751e8b465ee728b)
Start importing Assets/BirdMover.cs using Guid(a3365c24f29bf9a40a0de21d4d75e064) Importer(815301076,1909f56bfc062723c751e8b465ee728b)  -> (artifact id: 'e04506aa6077e15866ab7c29799122bc') in 0.026130 seconds 
AssetImportWorkerClient::OnTransportError - code=2 error=End of file
