Using pre-set license
Built from '2021.1/staging' branch; Version is '2021.1.6f1 (c0fade0cc7e9) revision 12647134'; Using compiler version '192528614'; Build Type 'Release'
OS: 'Windows 10 Pro; OS build 22000.978; Version 2009; 64bit' Language: 'ru' Physical Memory: 15716 MB
BatchMode: 1, IsHumanControllingUs: 0, StartBugReporterOnCrash: 0, Is64bit: 1, IsPro: 0

 COMMAND LINE ARGUMENTS:
C:\Program Files\Unity 2021.1.6f1\Editor\Unity.exe
-adb2
-batchMode
-noUpm
-name
AssetImportWorker0
-projectPath
C:/Users/IT-club - 01/Desktop/FlappyBird/My project (1)
-logFile
Logs/AssetImportWorker0.log
-srvPort
52848
Successfully changed project path to: C:/Users/IT-club - 01/Desktop/FlappyBird/My project (1)
C:/Users/IT-club - 01/Desktop/FlappyBird/My project (1)
Using Asset Import Pipeline V2.
Refreshing native plugins compatible for Editor in 55.08 ms, found 1 plugins.
Preloading 0 native plugins for Editor in 0.00 ms.
Initialize engine version: 2021.1.6f1 (c0fade0cc7e9)
[Subsystems] Discovering subsystems at path C:/Program Files/Unity 2021.1.6f1/Editor/Data/Resources/UnitySubsystems
[Subsystems] Discovering subsystems at path C:/Users/IT-club - 01/Desktop/FlappyBird/My project (1)/Assets
GfxDevice: creating device client; threaded=0; jobified=0
Direct3D:
    Version:  Direct3D 11.0 [level 11.1]
    Renderer: AMD Radeon RX 6600M (ID=0x73ff)
    Vendor:   ATI
    VRAM:     8147 MB
    Driver:   31.0.12019.9007
Initialize mono
Mono path[0] = 'C:/Program Files/Unity 2021.1.6f1/Editor/Data/Managed'
Mono path[1] = 'C:/Program Files/Unity 2021.1.6f1/Editor/Data/MonoBleedingEdge/lib/mono/unityjit'
Mono config path = 'C:/Program Files/Unity 2021.1.6f1/Editor/Data/MonoBleedingEdge/etc'
Using monoOptions --debugger-agent=transport=dt_socket,embedding=1,server=y,suspend=n,address=127.0.0.1:56200
Begin MonoManager ReloadAssembly
Registering precompiled unity dll's ...
Register platform support module: C:/Program Files/Unity 2021.1.6f1/Editor/Data/PlaybackEngines/WindowsStandaloneSupport/UnityEditor.WindowsStandalone.Extensions.dll
Registered in 0.001008 seconds.
Native extension for WindowsStandalone target not found
Refreshing native plugins compatible for Editor in 56.29 ms, found 1 plugins.
Preloading 0 native plugins for Editor in 0.00 ms.
Mono: successfully reloaded assembly
- Completed reload, in  0.870 seconds
Platform modules already initialized, skipping
Registering precompiled user dll's ...
Registered in 0.002052 seconds.
Begin MonoManager ReloadAssembly
Native extension for WindowsStandalone target not found
Refreshing native plugins compatible for Editor in 57.37 ms, found 1 plugins.
Preloading 0 native plugins for Editor in 0.00 ms.
Mono: successfully reloaded assembly
- Completed reload, in  0.707 seconds
Platform modules already initialized, skipping
========================================================================
Worker process is ready to serve import requests
Launched and connected shader compiler UnityShaderCompiler.exe after 0.03 seconds
Refreshing native plugins compatible for Editor in 0.57 ms, found 1 plugins.
Preloading 0 native plugins for Editor in 0.00 ms.
Unloading 2971 Unused Serialized files (Serialized files now loaded: 0)
System memory in use before: 108.8 MB.
System memory in use after: 109.0 MB.

Unloading 16 unused Assets to reduce memory usage. Loaded Objects now: 3424.
Total: 1.751400 ms (FindLiveObjects: 0.204100 ms CreateObjectMapping: 0.077700 ms MarkObjects: 1.421600 ms  DeleteObjects: 0.047000 ms)

========================================================================
Received Import Request.
  path: Assets/InputSchem.inputactions
  artifactKey: Guid(d628b90a19196914caed7c6cbbbcfd53) Importer(815301076,1909f56bfc062723c751e8b465ee728b)
Start importing Assets/InputSchem.inputactions using Guid(d628b90a19196914caed7c6cbbbcfd53) Importer(815301076,1909f56bfc062723c751e8b465ee728b)  -> (artifact id: '82dec30659ddd1214dfaaae14d076b9d') in 0.027293 seconds 
========================================================================
Received Import Request.
  Time since last request: 92.182479 seconds.
  path: Assets/InputSchem.inputactions
  artifactKey: Guid(d628b90a19196914caed7c6cbbbcfd53) Importer(815301076,1909f56bfc062723c751e8b465ee728b)
Start importing Assets/InputSchem.inputactions using Guid(d628b90a19196914caed7c6cbbbcfd53) Importer(815301076,1909f56bfc062723c751e8b465ee728b)  -> (artifact id: 'e11c1652f590c4500fa78a3f32a32eca') in 0.002269 seconds 
========================================================================
Received Import Request.
  Time since last request: 8.185597 seconds.
  path: Assets/InputSchem.cs
  artifactKey: Guid(c12a4810eda84c74f9655fb221d500e2) Importer(815301076,1909f56bfc062723c751e8b465ee728b)
Start importing Assets/InputSchem.cs using Guid(c12a4810eda84c74f9655fb221d500e2) Importer(815301076,1909f56bfc062723c751e8b465ee728b)  -> (artifact id: 'fadf1ea1807561b0b907a433235e9742') in 0.004775 seconds 
========================================================================
Received Import Request.
  Time since last request: 15.002122 seconds.
  path: Assets/InputSchem.inputactions
  artifactKey: Guid(d628b90a19196914caed7c6cbbbcfd53) Importer(815301076,1909f56bfc062723c751e8b465ee728b)
Start importing Assets/InputSchem.inputactions using Guid(d628b90a19196914caed7c6cbbbcfd53) Importer(815301076,1909f56bfc062723c751e8b465ee728b)  -> (artifact id: 'c78d800782b2bebeb5f684577c1a9544') in 0.002501 seconds 
========================================================================
Received Import Request.
  Time since last request: 4.140284 seconds.
  path: Assets/InputSchem.inputactions
  artifactKey: Guid(d628b90a19196914caed7c6cbbbcfd53) Importer(815301076,1909f56bfc062723c751e8b465ee728b)
Start importing Assets/InputSchem.inputactions using Guid(d628b90a19196914caed7c6cbbbcfd53) Importer(815301076,1909f56bfc062723c751e8b465ee728b)  -> (artifact id: 'ba7322e8c6e1ed33cacc4dd2a0ab0a65') in 0.002600 seconds 
========================================================================
Received Prepare
Registering precompiled user dll's ...
Registered in 0.001943 seconds.
Begin MonoManager ReloadAssembly
Native extension for WindowsStandalone target not found
Refreshing native plugins compatible for Editor in 0.54 ms, found 1 plugins.
Preloading 0 native plugins for Editor in 0.00 ms.
Mono: successfully reloaded assembly
- Completed reload, in  0.627 seconds
Platform modules already initialized, skipping
Switching build target platform(19) subTarget(0) extendedPlatform(0) -> platform(13) subTarget(589824) extendedPlatform(0)
Refreshing native plugins compatible for Editor in 0.56 ms, found 1 plugins.
Preloading 0 native plugins for Editor in 0.00 ms.
Unloading 2968 Unused Serialized files (Serialized files now loaded: 0)
System memory in use before: 108.9 MB.
System memory in use after: 109.1 MB.

Unloading 9 unused Assets to reduce memory usage. Loaded Objects now: 3426.
Total: 1.753500 ms (FindLiveObjects: 0.199800 ms CreateObjectMapping: 0.073900 ms MarkObjects: 1.465500 ms  DeleteObjects: 0.013700 ms)

AssetImportParameters requested are different than current active one (requested -> active):
  custom:graphics/normal-map-encoding: 01000000000000000000000000000000 -> 02000000000000000000000000000000
========================================================================
Received Import Request.
  Time since last request: 226.435171 seconds.
  path: Assets/BirdMover.cs
  artifactKey: Guid(a3365c24f29bf9a40a0de21d4d75e064) Importer(815301076,1909f56bfc062723c751e8b465ee728b)
Start importing Assets/BirdMover.cs using Guid(a3365c24f29bf9a40a0de21d4d75e064) Importer(815301076,1909f56bfc062723c751e8b465ee728b)  -> (artifact id: 'd0efc9a1071c829b033026a087996577') in 0.008970 seconds 
========================================================================
Received Prepare
Registering precompiled user dll's ...
Registered in 0.001970 seconds.
Begin MonoManager ReloadAssembly
Native extension for WindowsStandalone target not found
Refreshing native plugins compatible for Editor in 0.88 ms, found 1 plugins.
Preloading 0 native plugins for Editor in 0.00 ms.
Mono: successfully reloaded assembly
- Completed reload, in  0.648 seconds
Platform modules already initialized, skipping
Switching build target platform(19) subTarget(0) extendedPlatform(0) -> platform(13) subTarget(589824) extendedPlatform(0)
Refreshing native plugins compatible for Editor in 0.46 ms, found 1 plugins.
Preloading 0 native plugins for Editor in 0.00 ms.
Unloading 2968 Unused Serialized files (Serialized files now loaded: 0)
System memory in use before: 108.9 MB.
System memory in use after: 109.2 MB.

Unloading 9 unused Assets to reduce memory usage. Loaded Objects now: 3428.
Total: 1.907000 ms (FindLiveObjects: 0.232000 ms CreateObjectMapping: 0.061500 ms MarkObjects: 1.600100 ms  DeleteObjects: 0.012700 ms)

AssetImportParameters requested are different than current active one (requested -> active):
  custom:graphics/normal-map-encoding: 01000000000000000000000000000000 -> 02000000000000000000000000000000
========================================================================
Received Import Request.
  Time since last request: 609.627781 seconds.
  path: Assets/Assets FIB/Assets/Audio
  artifactKey: Guid(f2bfd71459bec6948bd9a116cd147b48) Importer(815301076,1909f56bfc062723c751e8b465ee728b)
Start importing Assets/Assets FIB/Assets/Audio using Guid(f2bfd71459bec6948bd9a116cd147b48) Importer(815301076,1909f56bfc062723c751e8b465ee728b)  -> (artifact id: '6714ea7188f8b640cd913461347cfb67') in 0.011164 seconds 
========================================================================
Received Import Request.
  Time since last request: 0.077255 seconds.
  path: Assets/Assets FIB/Assets/Audio/die.ogg
  artifactKey: Guid(4abb09b902b724508a896766a0e55066) Importer(815301076,1909f56bfc062723c751e8b465ee728b)
Start importing Assets/Assets FIB/Assets/Audio/die.ogg using Guid(4abb09b902b724508a896766a0e55066) Importer(815301076,1909f56bfc062723c751e8b465ee728b)  -> (artifact id: '4209b7e48253f12d12594425eaf93cec') in 0.154230 seconds 
========================================================================
Received Import Request.
  Time since last request: 0.000124 seconds.
  path: Assets/Assets FIB/Assets/Audio/swoosh.wav
  artifactKey: Guid(c7d9de2995006413eb39a973c7c1ba62) Importer(815301076,1909f56bfc062723c751e8b465ee728b)
Start importing Assets/Assets FIB/Assets/Audio/swoosh.wav using Guid(c7d9de2995006413eb39a973c7c1ba62) Importer(815301076,1909f56bfc062723c751e8b465ee728b)  -> (artifact id: '92bf8f6c00aab5ac56dad0b75ab48d50') in 0.012069 seconds 
========================================================================
Received Import Request.
  Time since last request: 0.000105 seconds.
  path: Assets/Assets FIB/Assets/Audio/die.wav
  artifactKey: Guid(90728c45b55b4477a95a6c912ff19e1a) Importer(815301076,1909f56bfc062723c751e8b465ee728b)
Start importing Assets/Assets FIB/Assets/Audio/die.wav using Guid(90728c45b55b4477a95a6c912ff19e1a) Importer(815301076,1909f56bfc062723c751e8b465ee728b)  -> (artifact id: '9d7839ad8d9658591e961a98a0822955') in 0.011018 seconds 
========================================================================
Received Import Request.
  Time since last request: 0.000122 seconds.
  path: Assets/Assets FIB/Assets/Audio/wing.ogg
  artifactKey: Guid(4284f775f924441819fd55e148832cdf) Importer(815301076,1909f56bfc062723c751e8b465ee728b)
Start importing Assets/Assets FIB/Assets/Audio/wing.ogg using Guid(4284f775f924441819fd55e148832cdf) Importer(815301076,1909f56bfc062723c751e8b465ee728b)  -> (artifact id: '8d3548dcf35d8ff9976f780a6644f8dd') in 0.011724 seconds 
========================================================================
Received Import Request.
  Time since last request: 0.000145 seconds.
  path: Assets/Assets FIB/Assets/Audio/point.ogg
  artifactKey: Guid(6fc7eed055f944488aacf2eff451c200) Importer(815301076,1909f56bfc062723c751e8b465ee728b)
Start importing Assets/Assets FIB/Assets/Audio/point.ogg using Guid(6fc7eed055f944488aacf2eff451c200) Importer(815301076,1909f56bfc062723c751e8b465ee728b)  -> (artifact id: '6c0ad5c9918cb17bba0fdeeeb8c8b36f') in 0.013212 seconds 
========================================================================
Received Import Request.
  Time since last request: 0.000126 seconds.
  path: Assets/Assets FIB/Assets/Audio/hit.ogg
  artifactKey: Guid(df84e7553488a4c64b7e5308ed605d0a) Importer(815301076,1909f56bfc062723c751e8b465ee728b)
Start importing Assets/Assets FIB/Assets/Audio/hit.ogg using Guid(df84e7553488a4c64b7e5308ed605d0a) Importer(815301076,1909f56bfc062723c751e8b465ee728b)  -> (artifact id: '213765e8e580b06542728a28f5f1cd61') in 0.012062 seconds 
========================================================================
Received Import Request.
  Time since last request: 0.000121 seconds.
  path: Assets/Assets FIB/Assets/Audio/point.wav
  artifactKey: Guid(7d376a47c69d14ea89313a958d0a4c58) Importer(815301076,1909f56bfc062723c751e8b465ee728b)
Start importing Assets/Assets FIB/Assets/Audio/point.wav using Guid(7d376a47c69d14ea89313a958d0a4c58) Importer(815301076,1909f56bfc062723c751e8b465ee728b)  -> (artifact id: '9efed96b9f74a042b113aee5fcdb4675') in 0.011820 seconds 
========================================================================
Received Import Request.
  Time since last request: 0.000132 seconds.
  path: Assets/Assets FIB/Assets/Audio/wing.wav
  artifactKey: Guid(fd875504b82a64c9f977224fda2f94dd) Importer(815301076,1909f56bfc062723c751e8b465ee728b)
Start importing Assets/Assets FIB/Assets/Audio/wing.wav using Guid(fd875504b82a64c9f977224fda2f94dd) Importer(815301076,1909f56bfc062723c751e8b465ee728b)  -> (artifact id: '0fcf641e7256efa93569a6dbcfcdd070') in 0.011294 seconds 
========================================================================
Received Import Request.
  Time since last request: 0.000115 seconds.
  path: Assets/Assets FIB/Assets/Audio/swoosh.ogg
  artifactKey: Guid(d9afef9e24ece434da7388d3b355f9c0) Importer(815301076,1909f56bfc062723c751e8b465ee728b)
Start importing Assets/Assets FIB/Assets/Audio/swoosh.ogg using Guid(d9afef9e24ece434da7388d3b355f9c0) Importer(815301076,1909f56bfc062723c751e8b465ee728b)  -> (artifact id: '1c11030bd19254f6a15954ebdcc02406') in 0.011310 seconds 
========================================================================
Received Import Request.
  Time since last request: 0.000135 seconds.
  path: Assets/Assets FIB/Assets/Audio/hit.wav
  artifactKey: Guid(3f57c106fc5ec4aa2ae96c77956be27f) Importer(815301076,1909f56bfc062723c751e8b465ee728b)
Start importing Assets/Assets FIB/Assets/Audio/hit.wav using Guid(3f57c106fc5ec4aa2ae96c77956be27f) Importer(815301076,1909f56bfc062723c751e8b465ee728b)  -> (artifact id: '3aaa06ee4cfbf87101df4b0df4dad20b') in 0.011906 seconds 
========================================================================
Received Prepare
Registering precompiled user dll's ...
Registered in 0.002074 seconds.
Begin MonoManager ReloadAssembly
Native extension for WindowsStandalone target not found
Refreshing native plugins compatible for Editor in 0.55 ms, found 1 plugins.
Preloading 0 native plugins for Editor in 0.00 ms.
Mono: successfully reloaded assembly
- Completed reload, in  0.613 seconds
Platform modules already initialized, skipping
Switching build target platform(19) subTarget(0) extendedPlatform(0) -> platform(13) subTarget(589824) extendedPlatform(0)
Refreshing native plugins compatible for Editor in 0.44 ms, found 1 plugins.
Preloading 0 native plugins for Editor in 0.00 ms.
Unloading 2968 Unused Serialized files (Serialized files now loaded: 0)
System memory in use before: 112.6 MB.
System memory in use after: 112.9 MB.

Unloading 9 unused Assets to reduce memory usage. Loaded Objects now: 3439.
Total: 2.067200 ms (FindLiveObjects: 0.217100 ms CreateObjectMapping: 0.088200 ms MarkObjects: 1.748800 ms  DeleteObjects: 0.012200 ms)

AssetImportParameters requested are different than current active one (requested -> active):
  custom:graphics/normal-map-encoding: 01000000000000000000000000000000 -> 02000000000000000000000000000000
========================================================================
Received Import Request.
  Time since last request: 679.556630 seconds.
  path: Assets
  artifactKey: Guid(00000000000000001000000000000000) Importer(815301076,1909f56bfc062723c751e8b465ee728b)
Start importing Assets using Guid(00000000000000001000000000000000) Importer(815301076,1909f56bfc062723c751e8b465ee728b)  -> (artifact id: '42d402b061de3733987d63b9cc3b64de') in 0.008140 seconds 
========================================================================
Received Import Request.
  Time since last request: 12.495141 seconds.
  path: Assets/Bird
  artifactKey: Guid(0152fb9e5d9ca2c4ab733599efbbdbb6) Importer(815301076,1909f56bfc062723c751e8b465ee728b)
Start importing Assets/Bird using Guid(0152fb9e5d9ca2c4ab733599efbbdbb6) Importer(815301076,1909f56bfc062723c751e8b465ee728b)  -> (artifact id: 'e43b952ebf933584b8a203a736519db5') in 0.004660 seconds 
========================================================================
Received Prepare
Registering precompiled user dll's ...
Registered in 0.001854 seconds.
Begin MonoManager ReloadAssembly
Native extension for WindowsStandalone target not found
Refreshing native plugins compatible for Editor in 0.54 ms, found 1 plugins.
Preloading 0 native plugins for Editor in 0.00 ms.
Mono: successfully reloaded assembly
- Completed reload, in  0.627 seconds
Platform modules already initialized, skipping
Switching build target platform(19) subTarget(0) extendedPlatform(0) -> platform(13) subTarget(589824) extendedPlatform(0)
Refreshing native plugins compatible for Editor in 0.52 ms, found 1 plugins.
Preloading 0 native plugins for Editor in 0.00 ms.
Unloading 2968 Unused Serialized files (Serialized files now loaded: 0)
System memory in use before: 112.7 MB.
System memory in use after: 112.9 MB.

Unloading 9 unused Assets to reduce memory usage. Loaded Objects now: 3441.
Total: 1.752000 ms (FindLiveObjects: 0.223700 ms CreateObjectMapping: 0.065500 ms MarkObjects: 1.448000 ms  DeleteObjects: 0.013500 ms)

AssetImportParameters requested are different than current active one (requested -> active):
  custom:graphics/normal-map-encoding: 01000000000000000000000000000000 -> 02000000000000000000000000000000
========================================================================
Received Import Request.
  Time since last request: 14.329790 seconds.
  path: Assets/InputSchem.cs
  artifactKey: Guid(c12a4810eda84c74f9655fb221d500e2) Importer(815301076,1909f56bfc062723c751e8b465ee728b)
Start importing Assets/InputSchem.cs using Guid(c12a4810eda84c74f9655fb221d500e2) Importer(815301076,1909f56bfc062723c751e8b465ee728b)  -> (artifact id: 'ec6be5fdd9adcfe3a82316bd25e004a0') in 0.005020 seconds 
========================================================================
Received Import Request.
  Time since last request: 1.902298 seconds.
  path: Assets/InputHandler.cs
  artifactKey: Guid(cbc821d0d0cf2b342a226695e419042f) Importer(815301076,1909f56bfc062723c751e8b465ee728b)
Start importing Assets/InputHandler.cs using Guid(cbc821d0d0cf2b342a226695e419042f) Importer(815301076,1909f56bfc062723c751e8b465ee728b)  -> (artifact id: 'c547057ac8d82c57089a354f9bdcf80e') in 0.005142 seconds 
========================================================================
Received Prepare
Registering precompiled user dll's ...
Registered in 0.001922 seconds.
Begin MonoManager ReloadAssembly
Native extension for WindowsStandalone target not found
Refreshing native plugins compatible for Editor in 0.55 ms, found 1 plugins.
Preloading 0 native plugins for Editor in 0.00 ms.
Mono: successfully reloaded assembly
- Completed reload, in  0.626 seconds
Platform modules already initialized, skipping
Switching build target platform(19) subTarget(0) extendedPlatform(0) -> platform(13) subTarget(589824) extendedPlatform(0)
Refreshing native plugins compatible for Editor in 0.50 ms, found 1 plugins.
Preloading 0 native plugins for Editor in 0.00 ms.
Unloading 2968 Unused Serialized files (Serialized files now loaded: 0)
System memory in use before: 112.7 MB.
System memory in use after: 112.9 MB.

Unloading 9 unused Assets to reduce memory usage. Loaded Objects now: 3443.
Total: 1.895800 ms (FindLiveObjects: 0.229000 ms CreateObjectMapping: 0.075900 ms MarkObjects: 1.577900 ms  DeleteObjects: 0.012100 ms)

AssetImportParameters requested are different than current active one (requested -> active):
  custom:graphics/normal-map-encoding: 01000000000000000000000000000000 -> 02000000000000000000000000000000
========================================================================
Received Prepare
Registering precompiled user dll's ...
Registered in 0.001920 seconds.
Begin MonoManager ReloadAssembly
Native extension for WindowsStandalone target not found
Refreshing native plugins compatible for Editor in 0.56 ms, found 1 plugins.
Preloading 0 native plugins for Editor in 0.00 ms.
Mono: successfully reloaded assembly
- Completed reload, in  0.617 seconds
Platform modules already initialized, skipping
Switching build target platform(19) subTarget(0) extendedPlatform(0) -> platform(13) subTarget(589824) extendedPlatform(0)
Refreshing native plugins compatible for Editor in 0.53 ms, found 1 plugins.
Preloading 0 native plugins for Editor in 0.00 ms.
Unloading 2968 Unused Serialized files (Serialized files now loaded: 0)
System memory in use before: 112.7 MB.
System memory in use after: 112.9 MB.

Unloading 9 unused Assets to reduce memory usage. Loaded Objects now: 3445.
Total: 2.086400 ms (FindLiveObjects: 0.254400 ms CreateObjectMapping: 0.079300 ms MarkObjects: 1.736500 ms  DeleteObjects: 0.014500 ms)

AssetImportParameters requested are different than current active one (requested -> active):
  custom:graphics/normal-map-encoding: 01000000000000000000000000000000 -> 02000000000000000000000000000000
========================================================================
Received Import Request.
  Time since last request: 17.730964 seconds.
  path: Assets/Camera
  artifactKey: Guid(0f6edcb9bfe89ff448696684886c5280) Importer(815301076,1909f56bfc062723c751e8b465ee728b)
Start importing Assets/Camera using Guid(0f6edcb9bfe89ff448696684886c5280) Importer(815301076,1909f56bfc062723c751e8b465ee728b)  -> (artifact id: '0968f46faa635a18c7e1514aa516bf96') in 0.008566 seconds 
========================================================================
Received Import Request.
  Time since last request: 41.012853 seconds.
  path: Assets/Camera/Camera Tracker.cs
  artifactKey: Guid(1de54d1adade5384093696611d61a34b) Importer(815301076,1909f56bfc062723c751e8b465ee728b)
Start importing Assets/Camera/Camera Tracker.cs using Guid(1de54d1adade5384093696611d61a34b) Importer(815301076,1909f56bfc062723c751e8b465ee728b)  -> (artifact id: '4068e88f6c8277933be2a272c6e475b9') in 0.004427 seconds 
========================================================================
Received Prepare
Registering precompiled user dll's ...
Registered in 0.001952 seconds.
Begin MonoManager ReloadAssembly
Native extension for WindowsStandalone target not found
Refreshing native plugins compatible for Editor in 0.55 ms, found 1 plugins.
Preloading 0 native plugins for Editor in 0.00 ms.
Mono: successfully reloaded assembly
- Completed reload, in  0.625 seconds
Platform modules already initialized, skipping
Switching build target platform(19) subTarget(0) extendedPlatform(0) -> platform(13) subTarget(589824) extendedPlatform(0)
Refreshing native plugins compatible for Editor in 0.50 ms, found 1 plugins.
Preloading 0 native plugins for Editor in 0.00 ms.
Unloading 2969 Unused Serialized files (Serialized files now loaded: 0)
System memory in use before: 112.7 MB.
System memory in use after: 112.9 MB.

Unloading 9 unused Assets to reduce memory usage. Loaded Objects now: 3448.
Total: 1.844000 ms (FindLiveObjects: 0.198800 ms CreateObjectMapping: 0.080800 ms MarkObjects: 1.550300 ms  DeleteObjects: 0.013300 ms)

AssetImportParameters requested are different than current active one (requested -> active):
  custom:graphics/normal-map-encoding: 01000000000000000000000000000000 -> 02000000000000000000000000000000
========================================================================
Received Prepare
Registering precompiled user dll's ...
Registered in 0.001982 seconds.
Begin MonoManager ReloadAssembly
Native extension for WindowsStandalone target not found
Refreshing native plugins compatible for Editor in 0.54 ms, found 1 plugins.
Preloading 0 native plugins for Editor in 0.00 ms.
Mono: successfully reloaded assembly
- Completed reload, in  0.664 seconds
Platform modules already initialized, skipping
Switching build target platform(19) subTarget(0) extendedPlatform(0) -> platform(13) subTarget(589824) extendedPlatform(0)
Refreshing native plugins compatible for Editor in 0.54 ms, found 1 plugins.
Preloading 0 native plugins for Editor in 0.00 ms.
Unloading 2969 Unused Serialized files (Serialized files now loaded: 0)
System memory in use before: 112.7 MB.
System memory in use after: 112.9 MB.

Unloading 9 unused Assets to reduce memory usage. Loaded Objects now: 3450.
Total: 2.038700 ms (FindLiveObjects: 0.222200 ms CreateObjectMapping: 0.096000 ms MarkObjects: 1.704500 ms  DeleteObjects: 0.015100 ms)

AssetImportParameters requested are different than current active one (requested -> active):
  custom:graphics/normal-map-encoding: 01000000000000000000000000000000 -> 02000000000000000000000000000000
AssetImportWorkerClient::OnTransportError - code=2 error=End of file
